<?xml version="1.0" encoding="UTF-8"?>
<!-- Generated by org.testng.reporters.JUnitReportReporter -->
<testsuite skipped="0" hostname="DESKTOP-RN62EUK" name="com.test.TestRunner" tests="1" failures="0" timestamp="2022-10-20T14:01:20 EDT" time="0.441" errors="0">
  <testcase name="LoginTest" time="0.441" classname="com.test.TestRunner"/>
  <system-out/>
</testsuite> <!-- com.test.TestRunner -->
